INFO: [VRFC 10-2263] Analyzing Verilog file "C:/Users/21047/code/curry_code_summay/rtl_works/BNN_on_fpga/vivado_workspace/vivado_workspace.gen/sources_1/ip/ROM_fc/sim/ROM_fc.v" into library xil_defaultlib
INFO: [VRFC 10-311] analyzing module ROM_fc
INFO: [VRFC 10-2263] Analyzing Verilog file "C:/Users/21047/code/curry_code_summay/rtl_works/BNN_on_fpga/vivado_workspace/vivado_workspace.gen/sources_1/ip/ROM_conv2/sim/ROM_conv2.v" into library xil_defaultlib
INFO: [VRFC 10-311] analyzing module ROM_conv2
INFO: [VRFC 10-2263] Analyzing Verilog file "C:/Users/21047/code/curry_code_summay/rtl_works/BNN_on_fpga/vivado_workspace/vivado_workspace.gen/sources_1/ip/ROM_conv1/sim/ROM_conv1.v" into library xil_defaultlib
INFO: [VRFC 10-311] analyzing module ROM_conv1
INFO: [VRFC 10-2263] Analyzing Verilog file "C:/Users/21047/code/curry_code_summay/rtl_works/BNN_on_fpga/rtl/CNN_top.v" into library xil_defaultlib
INFO: [VRFC 10-311] analyzing module CNN_top
INFO: [VRFC 10-2263] Analyzing Verilog file "C:/Users/21047/code/curry_code_summay/rtl_works/BNN_on_fpga/rtl/conv.v" into library xil_defaultlib
INFO: [VRFC 10-311] analyzing module conv
INFO: [VRFC 10-2263] Analyzing Verilog file "C:/Users/21047/code/curry_code_summay/rtl_works/BNN_on_fpga/rtl/conv_mix_6.v" into library xil_defaultlib
INFO: [VRFC 10-311] analyzing module conv_mix_6
INFO: [VRFC 10-2263] Analyzing Verilog file "C:/Users/21047/code/curry_code_summay/rtl_works/BNN_on_fpga/rtl/fc_12.v" into library xil_defaultlib
INFO: [VRFC 10-311] analyzing module fc_12
INFO: [VRFC 10-2263] Analyzing Verilog file "C:/Users/21047/code/curry_code_summay/rtl_works/BNN_on_fpga/rtl/maxpool.v" into library xil_defaultlib
INFO: [VRFC 10-311] analyzing module maxpool
INFO: [VRFC 10-2263] Analyzing Verilog file "C:/Users/21047/code/curry_code_summay/rtl_works/BNN_on_fpga/rtl/window.v" into library xil_defaultlib
INFO: [VRFC 10-311] analyzing module window
INFO: [VRFC 10-2263] Analyzing Verilog file "C:/Users/21047/code/curry_code_summay/rtl_works/BNN_on_fpga/rtl/CNN_top_tb.v" into library xil_defaultlib
INFO: [VRFC 10-311] analyzing module CNN_top_tb
